2017-05-11 13:57:49.401  INFO 8648 --- [main] com.cpt.Application                      : Starting Application on RSMYJNB0352 with PID 8648 (D:\eclipse\workspace\govadmin\target\classes started by yiwen.sang in D:\eclipse\workspace\govadmin)
2017-05-11 13:57:49.410  INFO 8648 --- [main] com.cpt.Application                      : The following profiles are active: dev
2017-05-11 13:57:49.520  INFO 8648 --- [main] ationConfigEmbeddedWebApplicationContext : Refreshing org.springframework.boot.context.embedded.AnnotationConfigEmbeddedWebApplicationContext@544c266: startup date [Thu May 11 13:57:49 CST 2017]; root of context hierarchy
2017-05-11 13:57:51.632  INFO 8648 --- [main] o.s.b.f.s.DefaultListableBeanFactory     : Overriding bean definition for bean 'customSecurityRealm' with a different definition: replacing [Generic bean: class [com.cpt.config.shiro.CustomSecurityRealm]; scope=singleton; abstract=false; lazyInit=false; autowireMode=0; dependencyCheck=0; autowireCandidate=true; primary=false; factoryBeanName=null; factoryMethodName=null; initMethodName=null; destroyMethodName=null; defined in file [D:\eclipse\workspace\govadmin\target\classes\com\cpt\config\shiro\CustomSecurityRealm.class]] with [Root bean: class [null]; scope=; abstract=false; lazyInit=false; autowireMode=3; dependencyCheck=0; autowireCandidate=true; primary=false; factoryBeanName=shiroSecurityConfig; factoryMethodName=customSecurityRealm; initMethodName=null; destroyMethodName=(inferred); defined in class path resource [com/cpt/config/shiro/ShiroSecurityConfig.class]]
2017-05-11 13:57:51.949  INFO 8648 --- [main] .s.d.r.c.RepositoryConfigurationDelegate : Multiple Spring Data modules found, entering strict repository configuration mode!
2017-05-11 13:57:52.804  INFO 8648 --- [main] trationDelegate$BeanPostProcessorChecker : Bean 'shiroSecurityConfig' of type [class com.cpt.config.shiro.ShiroSecurityConfig$$EnhancerBySpringCGLIB$$becb4cee] is not eligible for getting processed by all BeanPostProcessors (for example: not eligible for auto-proxying)
2017-05-11 13:57:53.402  INFO 8648 --- [main] trationDelegate$BeanPostProcessorChecker : Bean 'redisManager' of type [class org.crazycake.shiro.RedisManager] is not eligible for getting processed by all BeanPostProcessors (for example: not eligible for auto-proxying)
2017-05-11 13:57:53.405  INFO 8648 --- [main] trationDelegate$BeanPostProcessorChecker : Bean 'redisCacheManager' of type [class org.crazycake.shiro.RedisCacheManager] is not eligible for getting processed by all BeanPostProcessors (for example: not eligible for auto-proxying)
2017-05-11 13:57:53.466  INFO 8648 --- [main] trationDelegate$BeanPostProcessorChecker : Bean 'mybatisConfig' of type [class com.cpt.config.MybatisConfig$$EnhancerBySpringCGLIB$$2acbc14d] is not eligible for getting processed by all BeanPostProcessors (for example: not eligible for auto-proxying)
2017-05-11 13:57:53.470  INFO 8648 --- [main] trationDelegate$BeanPostProcessorChecker : Bean 'org.springframework.boot.autoconfigure.jdbc.DataSourceConfiguration$Generic' of type [class org.springframework.boot.autoconfigure.jdbc.DataSourceConfiguration$Generic] is not eligible for getting processed by all BeanPostProcessors (for example: not eligible for auto-proxying)
2017-05-11 13:57:53.637  INFO 8648 --- [main] trationDelegate$BeanPostProcessorChecker : Bean 'spring.datasource-org.springframework.boot.autoconfigure.jdbc.DataSourceProperties' of type [class org.springframework.boot.autoconfigure.jdbc.DataSourceProperties] is not eligible for getting processed by all BeanPostProcessors (for example: not eligible for auto-proxying)
2017-05-11 13:57:53.703  INFO 8648 --- [main] trationDelegate$BeanPostProcessorChecker : Bean 'dataSource' of type [class com.alibaba.druid.pool.DruidDataSource] is not eligible for getting processed by all BeanPostProcessors (for example: not eligible for auto-proxying)
2017-05-11 13:57:53.765  INFO 8648 --- [main] trationDelegate$BeanPostProcessorChecker : Bean 'sqlSessionFactory' of type [class org.apache.ibatis.session.defaults.DefaultSqlSessionFactory] is not eligible for getting processed by all BeanPostProcessors (for example: not eligible for auto-proxying)
2017-05-11 13:57:53.805  INFO 8648 --- [main] trationDelegate$BeanPostProcessorChecker : Bean 'mybatis-org.mybatis.spring.boot.autoconfigure.MybatisProperties' of type [class org.mybatis.spring.boot.autoconfigure.MybatisProperties] is not eligible for getting processed by all BeanPostProcessors (for example: not eligible for auto-proxying)
2017-05-11 13:57:53.816  INFO 8648 --- [main] trationDelegate$BeanPostProcessorChecker : Bean 'org.mybatis.spring.boot.autoconfigure.MybatisAutoConfiguration' of type [class org.mybatis.spring.boot.autoconfigure.MybatisAutoConfiguration$$EnhancerBySpringCGLIB$$b4e0119b] is not eligible for getting processed by all BeanPostProcessors (for example: not eligible for auto-proxying)
2017-05-11 13:57:53.836  INFO 8648 --- [main] trationDelegate$BeanPostProcessorChecker : Bean 'sqlSessionTemplate' of type [class org.mybatis.spring.SqlSessionTemplate] is not eligible for getting processed by all BeanPostProcessors (for example: not eligible for auto-proxying)
2017-05-11 13:57:54.062  INFO 8648 --- [main] trationDelegate$BeanPostProcessorChecker : Bean 'userMapper' of type [class org.mybatis.spring.mapper.MapperFactoryBean] is not eligible for getting processed by all BeanPostProcessors (for example: not eligible for auto-proxying)
2017-05-11 13:57:54.064  INFO 8648 --- [main] trationDelegate$BeanPostProcessorChecker : Bean 'userMapper' of type [class com.sun.proxy.$Proxy51] is not eligible for getting processed by all BeanPostProcessors (for example: not eligible for auto-proxying)
2017-05-11 13:57:54.085  INFO 8648 --- [main] trationDelegate$BeanPostProcessorChecker : Bean 'roleExtMapper' of type [class org.mybatis.spring.mapper.MapperFactoryBean] is not eligible for getting processed by all BeanPostProcessors (for example: not eligible for auto-proxying)
2017-05-11 13:57:54.087  INFO 8648 --- [main] trationDelegate$BeanPostProcessorChecker : Bean 'roleExtMapper' of type [class com.sun.proxy.$Proxy52] is not eligible for getting processed by all BeanPostProcessors (for example: not eligible for auto-proxying)
2017-05-11 13:57:54.110  INFO 8648 --- [main] trationDelegate$BeanPostProcessorChecker : Bean 'moduleExtMapper' of type [class org.mybatis.spring.mapper.MapperFactoryBean] is not eligible for getting processed by all BeanPostProcessors (for example: not eligible for auto-proxying)
2017-05-11 13:57:54.111  INFO 8648 --- [main] trationDelegate$BeanPostProcessorChecker : Bean 'moduleExtMapper' of type [class com.sun.proxy.$Proxy53] is not eligible for getting processed by all BeanPostProcessors (for example: not eligible for auto-proxying)
2017-05-11 13:57:54.112  INFO 8648 --- [main] trationDelegate$BeanPostProcessorChecker : Bean 'customSecurityRealm' of type [class com.cpt.config.shiro.CustomSecurityRealm] is not eligible for getting processed by all BeanPostProcessors (for example: not eligible for auto-proxying)
2017-05-11 13:57:54.119  INFO 8648 --- [main] trationDelegate$BeanPostProcessorChecker : Bean 'redisSessionDAO' of type [class org.crazycake.shiro.RedisSessionDAO] is not eligible for getting processed by all BeanPostProcessors (for example: not eligible for auto-proxying)
2017-05-11 13:57:54.133  INFO 8648 --- [main] trationDelegate$BeanPostProcessorChecker : Bean 'sessionManager' of type [class org.apache.shiro.web.session.mgt.DefaultWebSessionManager] is not eligible for getting processed by all BeanPostProcessors (for example: not eligible for auto-proxying)
2017-05-11 13:57:54.147  INFO 8648 --- [main] trationDelegate$BeanPostProcessorChecker : Bean 'securityManager' of type [class org.apache.shiro.web.mgt.DefaultWebSecurityManager] is not eligible for getting processed by all BeanPostProcessors (for example: not eligible for auto-proxying)
2017-05-11 13:57:54.184  INFO 8648 --- [main] trationDelegate$BeanPostProcessorChecker : Bean 'org.springframework.transaction.annotation.ProxyTransactionManagementConfiguration' of type [class org.springframework.transaction.annotation.ProxyTransactionManagementConfiguration$$EnhancerBySpringCGLIB$$820bc06b] is not eligible for getting processed by all BeanPostProcessors (for example: not eligible for auto-proxying)
2017-05-11 13:57:54.202  INFO 8648 --- [main] trationDelegate$BeanPostProcessorChecker : Bean 'authorizationAttributeSourceAdvisor' of type [class org.apache.shiro.spring.security.interceptor.AuthorizationAttributeSourceAdvisor] is not eligible for getting processed by all BeanPostProcessors (for example: not eligible for auto-proxying)
2017-05-11 13:57:54.623  INFO 8648 --- [main] s.b.c.e.t.TomcatEmbeddedServletContainer : Tomcat initialized with port(s): 8090 (http)
2017-05-11 13:57:54.639  INFO 8648 --- [main] o.apache.catalina.core.StandardService   : Starting service Tomcat
2017-05-11 13:57:54.641  INFO 8648 --- [main] org.apache.catalina.core.StandardEngine  : Starting Servlet Engine: Apache Tomcat/8.5.6
2017-05-11 13:57:54.739  INFO 8648 --- [localhost-startStop-1] o.a.c.c.C.[Tomcat].[localhost].[/]       : Initializing Spring embedded WebApplicationContext
2017-05-11 13:57:54.740  INFO 8648 --- [localhost-startStop-1] o.s.web.context.ContextLoader            : Root WebApplicationContext: initialization completed in 5227 ms
2017-05-11 13:57:55.808  INFO 8648 --- [localhost-startStop-1] o.s.b.w.servlet.ServletRegistrationBean  : Mapping servlet: 'statViewServlet' to [/druid/*]
2017-05-11 13:57:55.810  INFO 8648 --- [localhost-startStop-1] o.s.b.w.servlet.ServletRegistrationBean  : Mapping servlet: 'dispatcherServlet' to [/]
2017-05-11 13:57:55.814  INFO 8648 --- [localhost-startStop-1] o.s.b.w.servlet.FilterRegistrationBean   : Mapping filter: 'characterEncodingFilter' to: [/*]
2017-05-11 13:57:55.815  INFO 8648 --- [localhost-startStop-1] o.s.b.w.servlet.FilterRegistrationBean   : Mapping filter: 'springSessionRepositoryFilter' to: [/*]
2017-05-11 13:57:55.815  INFO 8648 --- [localhost-startStop-1] o.s.b.w.servlet.FilterRegistrationBean   : Mapping filter: 'hiddenHttpMethodFilter' to: [/*]
2017-05-11 13:57:55.815  INFO 8648 --- [localhost-startStop-1] o.s.b.w.servlet.FilterRegistrationBean   : Mapping filter: 'httpPutFormContentFilter' to: [/*]
2017-05-11 13:57:55.815  INFO 8648 --- [localhost-startStop-1] o.s.b.w.servlet.FilterRegistrationBean   : Mapping filter: 'requestContextFilter' to: [/*]
2017-05-11 13:57:55.816  INFO 8648 --- [localhost-startStop-1] o.s.b.c.embedded.FilterRegistrationBean  : Mapping filter: 'webStatFilter' to urls: [/*]
2017-05-11 13:57:55.816  INFO 8648 --- [localhost-startStop-1] o.s.b.c.embedded.FilterRegistrationBean  : Mapping filter: 'delegatingFilterProxy' to urls: [/*]
2017-05-11 13:57:55.816  INFO 8648 --- [localhost-startStop-1] o.s.b.w.servlet.FilterRegistrationBean   : Mapping filter: 'shiroFilter' to: [/*]
2017-05-11 13:57:56.068  WARN 8648 --- [main] ationConfigEmbeddedWebApplicationContext : Exception encountered during context initialization - cancelling refresh attempt: org.springframework.beans.factory.UnsatisfiedDependencyException: Error creating bean with name 'eventController': Unsatisfied dependency expressed through field 'eventService'; nested exception is org.springframework.beans.factory.NoSuchBeanDefinitionException: No qualifying bean of type 'com.cpt.service.EventService' available: expected at least 1 bean which qualifies as autowire candidate. Dependency annotations: {@org.springframework.beans.factory.annotation.Autowired(required=true)}
2017-05-11 13:57:56.074  INFO 8648 --- [main] o.apache.catalina.core.StandardService   : Stopping service Tomcat
2017-05-11 13:57:56.137  WARN 8648 --- [localhost-startStop-1] o.a.c.loader.WebappClassLoaderBase       : The web application [ROOT] appears to have started a thread named [Abandoned connection cleanup thread] but has failed to stop it. This is very likely to create a memory leak. Stack trace of thread:
 java.lang.Object.wait(Native Method)
 java.lang.ref.ReferenceQueue.remove(ReferenceQueue.java:135)
 com.mysql.jdbc.AbandonedConnectionCleanupThread.run(AbandonedConnectionCleanupThread.java:43)
2017-05-11 13:57:56.214  INFO 8648 --- [main] utoConfigurationReportLoggingInitializer : 

Error starting ApplicationContext. To display the auto-configuration report re-run your application with 'debug' enabled.
2017-05-11 13:57:56.331 ERROR 8648 --- [main] o.s.b.d.LoggingFailureAnalysisReporter   : 

***************************
APPLICATION FAILED TO START
***************************

Description:

Field eventService in com.cpt.controller.EventController required a bean of type 'com.cpt.service.EventService' that could not be found.


Action:

Consider defining a bean of type 'com.cpt.service.EventService' in your configuration.

2017-05-11 13:58:41.526  INFO 3488 --- [main] com.cpt.Application                      : Starting Application on RSMYJNB0352 with PID 3488 (D:\eclipse\workspace\govadmin\target\classes started by yiwen.sang in D:\eclipse\workspace\govadmin)
2017-05-11 13:58:41.530  INFO 3488 --- [main] com.cpt.Application                      : The following profiles are active: dev
2017-05-11 13:58:41.640  INFO 3488 --- [main] ationConfigEmbeddedWebApplicationContext : Refreshing org.springframework.boot.context.embedded.AnnotationConfigEmbeddedWebApplicationContext@5d09823a: startup date [Thu May 11 13:58:41 CST 2017]; root of context hierarchy
2017-05-11 13:58:43.703  INFO 3488 --- [main] o.s.b.f.s.DefaultListableBeanFactory     : Overriding bean definition for bean 'customSecurityRealm' with a different definition: replacing [Generic bean: class [com.cpt.config.shiro.CustomSecurityRealm]; scope=singleton; abstract=false; lazyInit=false; autowireMode=0; dependencyCheck=0; autowireCandidate=true; primary=false; factoryBeanName=null; factoryMethodName=null; initMethodName=null; destroyMethodName=null; defined in file [D:\eclipse\workspace\govadmin\target\classes\com\cpt\config\shiro\CustomSecurityRealm.class]] with [Root bean: class [null]; scope=; abstract=false; lazyInit=false; autowireMode=3; dependencyCheck=0; autowireCandidate=true; primary=false; factoryBeanName=shiroSecurityConfig; factoryMethodName=customSecurityRealm; initMethodName=null; destroyMethodName=(inferred); defined in class path resource [com/cpt/config/shiro/ShiroSecurityConfig.class]]
2017-05-11 13:58:44.002  INFO 3488 --- [main] .s.d.r.c.RepositoryConfigurationDelegate : Multiple Spring Data modules found, entering strict repository configuration mode!
2017-05-11 13:58:44.821  INFO 3488 --- [main] trationDelegate$BeanPostProcessorChecker : Bean 'shiroSecurityConfig' of type [class com.cpt.config.shiro.ShiroSecurityConfig$$EnhancerBySpringCGLIB$$a1866683] is not eligible for getting processed by all BeanPostProcessors (for example: not eligible for auto-proxying)
2017-05-11 13:58:45.466  INFO 3488 --- [main] trationDelegate$BeanPostProcessorChecker : Bean 'redisManager' of type [class org.crazycake.shiro.RedisManager] is not eligible for getting processed by all BeanPostProcessors (for example: not eligible for auto-proxying)
2017-05-11 13:58:45.470  INFO 3488 --- [main] trationDelegate$BeanPostProcessorChecker : Bean 'redisCacheManager' of type [class org.crazycake.shiro.RedisCacheManager] is not eligible for getting processed by all BeanPostProcessors (for example: not eligible for auto-proxying)
2017-05-11 13:58:45.541  INFO 3488 --- [main] trationDelegate$BeanPostProcessorChecker : Bean 'mybatisConfig' of type [class com.cpt.config.MybatisConfig$$EnhancerBySpringCGLIB$$d86dae2] is not eligible for getting processed by all BeanPostProcessors (for example: not eligible for auto-proxying)
2017-05-11 13:58:45.545  INFO 3488 --- [main] trationDelegate$BeanPostProcessorChecker : Bean 'org.springframework.boot.autoconfigure.jdbc.DataSourceConfiguration$Generic' of type [class org.springframework.boot.autoconfigure.jdbc.DataSourceConfiguration$Generic] is not eligible for getting processed by all BeanPostProcessors (for example: not eligible for auto-proxying)
2017-05-11 13:58:45.715  INFO 3488 --- [main] trationDelegate$BeanPostProcessorChecker : Bean 'spring.datasource-org.springframework.boot.autoconfigure.jdbc.DataSourceProperties' of type [class org.springframework.boot.autoconfigure.jdbc.DataSourceProperties] is not eligible for getting processed by all BeanPostProcessors (for example: not eligible for auto-proxying)
2017-05-11 13:58:45.781  INFO 3488 --- [main] trationDelegate$BeanPostProcessorChecker : Bean 'dataSource' of type [class com.alibaba.druid.pool.DruidDataSource] is not eligible for getting processed by all BeanPostProcessors (for example: not eligible for auto-proxying)
2017-05-11 13:58:45.844  INFO 3488 --- [main] trationDelegate$BeanPostProcessorChecker : Bean 'sqlSessionFactory' of type [class org.apache.ibatis.session.defaults.DefaultSqlSessionFactory] is not eligible for getting processed by all BeanPostProcessors (for example: not eligible for auto-proxying)
2017-05-11 13:58:45.879  INFO 3488 --- [main] trationDelegate$BeanPostProcessorChecker : Bean 'mybatis-org.mybatis.spring.boot.autoconfigure.MybatisProperties' of type [class org.mybatis.spring.boot.autoconfigure.MybatisProperties] is not eligible for getting processed by all BeanPostProcessors (for example: not eligible for auto-proxying)
2017-05-11 13:58:45.890  INFO 3488 --- [main] trationDelegate$BeanPostProcessorChecker : Bean 'org.mybatis.spring.boot.autoconfigure.MybatisAutoConfiguration' of type [class org.mybatis.spring.boot.autoconfigure.MybatisAutoConfiguration$$EnhancerBySpringCGLIB$$979b2b30] is not eligible for getting processed by all BeanPostProcessors (for example: not eligible for auto-proxying)
2017-05-11 13:58:45.911  INFO 3488 --- [main] trationDelegate$BeanPostProcessorChecker : Bean 'sqlSessionTemplate' of type [class org.mybatis.spring.SqlSessionTemplate] is not eligible for getting processed by all BeanPostProcessors (for example: not eligible for auto-proxying)
2017-05-11 13:58:46.092  INFO 3488 --- [main] trationDelegate$BeanPostProcessorChecker : Bean 'userMapper' of type [class org.mybatis.spring.mapper.MapperFactoryBean] is not eligible for getting processed by all BeanPostProcessors (for example: not eligible for auto-proxying)
2017-05-11 13:58:46.095  INFO 3488 --- [main] trationDelegate$BeanPostProcessorChecker : Bean 'userMapper' of type [class com.sun.proxy.$Proxy51] is not eligible for getting processed by all BeanPostProcessors (for example: not eligible for auto-proxying)
2017-05-11 13:58:46.116  INFO 3488 --- [main] trationDelegate$BeanPostProcessorChecker : Bean 'roleExtMapper' of type [class org.mybatis.spring.mapper.MapperFactoryBean] is not eligible for getting processed by all BeanPostProcessors (for example: not eligible for auto-proxying)
2017-05-11 13:58:46.117  INFO 3488 --- [main] trationDelegate$BeanPostProcessorChecker : Bean 'roleExtMapper' of type [class com.sun.proxy.$Proxy52] is not eligible for getting processed by all BeanPostProcessors (for example: not eligible for auto-proxying)
2017-05-11 13:58:46.138  INFO 3488 --- [main] trationDelegate$BeanPostProcessorChecker : Bean 'moduleExtMapper' of type [class org.mybatis.spring.mapper.MapperFactoryBean] is not eligible for getting processed by all BeanPostProcessors (for example: not eligible for auto-proxying)
2017-05-11 13:58:46.140  INFO 3488 --- [main] trationDelegate$BeanPostProcessorChecker : Bean 'moduleExtMapper' of type [class com.sun.proxy.$Proxy53] is not eligible for getting processed by all BeanPostProcessors (for example: not eligible for auto-proxying)
2017-05-11 13:58:46.141  INFO 3488 --- [main] trationDelegate$BeanPostProcessorChecker : Bean 'customSecurityRealm' of type [class com.cpt.config.shiro.CustomSecurityRealm] is not eligible for getting processed by all BeanPostProcessors (for example: not eligible for auto-proxying)
2017-05-11 13:58:46.147  INFO 3488 --- [main] trationDelegate$BeanPostProcessorChecker : Bean 'redisSessionDAO' of type [class org.crazycake.shiro.RedisSessionDAO] is not eligible for getting processed by all BeanPostProcessors (for example: not eligible for auto-proxying)
2017-05-11 13:58:46.159  INFO 3488 --- [main] trationDelegate$BeanPostProcessorChecker : Bean 'sessionManager' of type [class org.apache.shiro.web.session.mgt.DefaultWebSessionManager] is not eligible for getting processed by all BeanPostProcessors (for example: not eligible for auto-proxying)
2017-05-11 13:58:46.173  INFO 3488 --- [main] trationDelegate$BeanPostProcessorChecker : Bean 'securityManager' of type [class org.apache.shiro.web.mgt.DefaultWebSecurityManager] is not eligible for getting processed by all BeanPostProcessors (for example: not eligible for auto-proxying)
2017-05-11 13:58:46.218  INFO 3488 --- [main] trationDelegate$BeanPostProcessorChecker : Bean 'org.springframework.transaction.annotation.ProxyTransactionManagementConfiguration' of type [class org.springframework.transaction.annotation.ProxyTransactionManagementConfiguration$$EnhancerBySpringCGLIB$$64c6da00] is not eligible for getting processed by all BeanPostProcessors (for example: not eligible for auto-proxying)
2017-05-11 13:58:46.234  INFO 3488 --- [main] trationDelegate$BeanPostProcessorChecker : Bean 'authorizationAttributeSourceAdvisor' of type [class org.apache.shiro.spring.security.interceptor.AuthorizationAttributeSourceAdvisor] is not eligible for getting processed by all BeanPostProcessors (for example: not eligible for auto-proxying)
2017-05-11 13:58:46.650  INFO 3488 --- [main] s.b.c.e.t.TomcatEmbeddedServletContainer : Tomcat initialized with port(s): 8090 (http)
2017-05-11 13:58:46.664  INFO 3488 --- [main] o.apache.catalina.core.StandardService   : Starting service Tomcat
2017-05-11 13:58:46.665  INFO 3488 --- [main] org.apache.catalina.core.StandardEngine  : Starting Servlet Engine: Apache Tomcat/8.5.6
2017-05-11 13:58:46.766  INFO 3488 --- [localhost-startStop-1] o.a.c.c.C.[Tomcat].[localhost].[/]       : Initializing Spring embedded WebApplicationContext
2017-05-11 13:58:46.767  INFO 3488 --- [localhost-startStop-1] o.s.web.context.ContextLoader            : Root WebApplicationContext: initialization completed in 5130 ms
2017-05-11 13:58:47.375  INFO 3488 --- [localhost-startStop-1] o.s.b.w.servlet.ServletRegistrationBean  : Mapping servlet: 'statViewServlet' to [/druid/*]
2017-05-11 13:58:47.377  INFO 3488 --- [localhost-startStop-1] o.s.b.w.servlet.ServletRegistrationBean  : Mapping servlet: 'dispatcherServlet' to [/]
2017-05-11 13:58:47.381  INFO 3488 --- [localhost-startStop-1] o.s.b.w.servlet.FilterRegistrationBean   : Mapping filter: 'characterEncodingFilter' to: [/*]
2017-05-11 13:58:47.382  INFO 3488 --- [localhost-startStop-1] o.s.b.w.servlet.FilterRegistrationBean   : Mapping filter: 'springSessionRepositoryFilter' to: [/*]
2017-05-11 13:58:47.382  INFO 3488 --- [localhost-startStop-1] o.s.b.w.servlet.FilterRegistrationBean   : Mapping filter: 'hiddenHttpMethodFilter' to: [/*]
2017-05-11 13:58:47.382  INFO 3488 --- [localhost-startStop-1] o.s.b.w.servlet.FilterRegistrationBean   : Mapping filter: 'httpPutFormContentFilter' to: [/*]
2017-05-11 13:58:47.383  INFO 3488 --- [localhost-startStop-1] o.s.b.w.servlet.FilterRegistrationBean   : Mapping filter: 'requestContextFilter' to: [/*]
2017-05-11 13:58:47.383  INFO 3488 --- [localhost-startStop-1] o.s.b.c.embedded.FilterRegistrationBean  : Mapping filter: 'webStatFilter' to urls: [/*]
2017-05-11 13:58:47.383  INFO 3488 --- [localhost-startStop-1] o.s.b.c.embedded.FilterRegistrationBean  : Mapping filter: 'delegatingFilterProxy' to urls: [/*]
2017-05-11 13:58:47.383  INFO 3488 --- [localhost-startStop-1] o.s.b.w.servlet.FilterRegistrationBean   : Mapping filter: 'shiroFilter' to: [/*]
2017-05-11 13:58:48.296  WARN 3488 --- [main] ationConfigEmbeddedWebApplicationContext : Exception encountered during context initialization - cancelling refresh attempt: org.springframework.beans.factory.BeanCreationException: Error creating bean with name 'loginController': Injection of resource dependencies failed; nested exception is org.springframework.beans.factory.NoSuchBeanDefinitionException: No qualifying bean of type 'com.cpt.service.ProjectService' available: expected at least 1 bean which qualifies as autowire candidate. Dependency annotations: {@javax.annotation.Resource(shareable=true, mappedName=, description=, name=, type=class java.lang.Object, lookup=, authenticationType=CONTAINER)}
2017-05-11 13:58:48.305  INFO 3488 --- [main] o.apache.catalina.core.StandardService   : Stopping service Tomcat
2017-05-11 13:58:48.408  WARN 3488 --- [localhost-startStop-1] o.a.c.loader.WebappClassLoaderBase       : The web application [ROOT] appears to have started a thread named [Abandoned connection cleanup thread] but has failed to stop it. This is very likely to create a memory leak. Stack trace of thread:
2017-05-11 13:58:48.503  INFO 3488 --- [main] utoConfigurationReportLoggingInitializer : 

Error starting ApplicationContext. To display the auto-configuration report re-run your application with 'debug' enabled.
2017-05-11 13:58:48.617 ERROR 3488 --- [main] o.s.b.d.LoggingFailureAnalysisReporter   : 

***************************
APPLICATION FAILED TO START
***************************

Description:

A component required a bean of type 'com.cpt.service.ProjectService' that could not be found.


Action:

Consider defining a bean of type 'com.cpt.service.ProjectService' in your configuration.

2017-05-11 14:01:01.453  INFO 3312 --- [main] com.cpt.Application                      : Starting Application on RSMYJNB0352 with PID 3312 (D:\eclipse\workspace\govadmin\target\classes started by yiwen.sang in D:\eclipse\workspace\govadmin)
2017-05-11 14:01:01.457  INFO 3312 --- [main] com.cpt.Application                      : The following profiles are active: dev
2017-05-11 14:01:01.592  INFO 3312 --- [main] ationConfigEmbeddedWebApplicationContext : Refreshing org.springframework.boot.context.embedded.AnnotationConfigEmbeddedWebApplicationContext@21a56c1a: startup date [Thu May 11 14:01:01 CST 2017]; root of context hierarchy
2017-05-11 14:01:03.705  INFO 3312 --- [main] o.s.b.f.s.DefaultListableBeanFactory     : Overriding bean definition for bean 'customSecurityRealm' with a different definition: replacing [Generic bean: class [com.cpt.config.shiro.CustomSecurityRealm]; scope=singleton; abstract=false; lazyInit=false; autowireMode=0; dependencyCheck=0; autowireCandidate=true; primary=false; factoryBeanName=null; factoryMethodName=null; initMethodName=null; destroyMethodName=null; defined in file [D:\eclipse\workspace\govadmin\target\classes\com\cpt\config\shiro\CustomSecurityRealm.class]] with [Root bean: class [null]; scope=; abstract=false; lazyInit=false; autowireMode=3; dependencyCheck=0; autowireCandidate=true; primary=false; factoryBeanName=shiroSecurityConfig; factoryMethodName=customSecurityRealm; initMethodName=null; destroyMethodName=(inferred); defined in class path resource [com/cpt/config/shiro/ShiroSecurityConfig.class]]
2017-05-11 14:01:04.057  INFO 3312 --- [main] .s.d.r.c.RepositoryConfigurationDelegate : Multiple Spring Data modules found, entering strict repository configuration mode!
2017-05-11 14:01:04.950  INFO 3312 --- [main] trationDelegate$BeanPostProcessorChecker : Bean 'shiroSecurityConfig' of type [class com.cpt.config.shiro.ShiroSecurityConfig$$EnhancerBySpringCGLIB$$c5292976] is not eligible for getting processed by all BeanPostProcessors (for example: not eligible for auto-proxying)
2017-05-11 14:01:05.436  INFO 3312 --- [main] trationDelegate$BeanPostProcessorChecker : Bean 'redisManager' of type [class org.crazycake.shiro.RedisManager] is not eligible for getting processed by all BeanPostProcessors (for example: not eligible for auto-proxying)
2017-05-11 14:01:05.439  INFO 3312 --- [main] trationDelegate$BeanPostProcessorChecker : Bean 'redisCacheManager' of type [class org.crazycake.shiro.RedisCacheManager] is not eligible for getting processed by all BeanPostProcessors (for example: not eligible for auto-proxying)
2017-05-11 14:01:05.501  INFO 3312 --- [main] trationDelegate$BeanPostProcessorChecker : Bean 'mybatisConfig' of type [class com.cpt.config.MybatisConfig$$EnhancerBySpringCGLIB$$31299dd5] is not eligible for getting processed by all BeanPostProcessors (for example: not eligible for auto-proxying)
2017-05-11 14:01:05.506  INFO 3312 --- [main] trationDelegate$BeanPostProcessorChecker : Bean 'org.springframework.boot.autoconfigure.jdbc.DataSourceConfiguration$Generic' of type [class org.springframework.boot.autoconfigure.jdbc.DataSourceConfiguration$Generic] is not eligible for getting processed by all BeanPostProcessors (for example: not eligible for auto-proxying)
2017-05-11 14:01:05.681  INFO 3312 --- [main] trationDelegate$BeanPostProcessorChecker : Bean 'spring.datasource-org.springframework.boot.autoconfigure.jdbc.DataSourceProperties' of type [class org.springframework.boot.autoconfigure.jdbc.DataSourceProperties] is not eligible for getting processed by all BeanPostProcessors (for example: not eligible for auto-proxying)
2017-05-11 14:01:05.755  INFO 3312 --- [main] trationDelegate$BeanPostProcessorChecker : Bean 'dataSource' of type [class com.alibaba.druid.pool.DruidDataSource] is not eligible for getting processed by all BeanPostProcessors (for example: not eligible for auto-proxying)
2017-05-11 14:01:05.821  INFO 3312 --- [main] trationDelegate$BeanPostProcessorChecker : Bean 'sqlSessionFactory' of type [class org.apache.ibatis.session.defaults.DefaultSqlSessionFactory] is not eligible for getting processed by all BeanPostProcessors (for example: not eligible for auto-proxying)
2017-05-11 14:01:05.860  INFO 3312 --- [main] trationDelegate$BeanPostProcessorChecker : Bean 'mybatis-org.mybatis.spring.boot.autoconfigure.MybatisProperties' of type [class org.mybatis.spring.boot.autoconfigure.MybatisProperties] is not eligible for getting processed by all BeanPostProcessors (for example: not eligible for auto-proxying)
2017-05-11 14:01:05.870  INFO 3312 --- [main] trationDelegate$BeanPostProcessorChecker : Bean 'org.mybatis.spring.boot.autoconfigure.MybatisAutoConfiguration' of type [class org.mybatis.spring.boot.autoconfigure.MybatisAutoConfiguration$$EnhancerBySpringCGLIB$$bb3dee23] is not eligible for getting processed by all BeanPostProcessors (for example: not eligible for auto-proxying)
2017-05-11 14:01:05.888  INFO 3312 --- [main] trationDelegate$BeanPostProcessorChecker : Bean 'sqlSessionTemplate' of type [class org.mybatis.spring.SqlSessionTemplate] is not eligible for getting processed by all BeanPostProcessors (for example: not eligible for auto-proxying)
2017-05-11 14:01:06.072  INFO 3312 --- [main] trationDelegate$BeanPostProcessorChecker : Bean 'userMapper' of type [class org.mybatis.spring.mapper.MapperFactoryBean] is not eligible for getting processed by all BeanPostProcessors (for example: not eligible for auto-proxying)
2017-05-11 14:01:06.075  INFO 3312 --- [main] trationDelegate$BeanPostProcessorChecker : Bean 'userMapper' of type [class com.sun.proxy.$Proxy51] is not eligible for getting processed by all BeanPostProcessors (for example: not eligible for auto-proxying)
2017-05-11 14:01:06.096  INFO 3312 --- [main] trationDelegate$BeanPostProcessorChecker : Bean 'roleExtMapper' of type [class org.mybatis.spring.mapper.MapperFactoryBean] is not eligible for getting processed by all BeanPostProcessors (for example: not eligible for auto-proxying)
2017-05-11 14:01:06.097  INFO 3312 --- [main] trationDelegate$BeanPostProcessorChecker : Bean 'roleExtMapper' of type [class com.sun.proxy.$Proxy52] is not eligible for getting processed by all BeanPostProcessors (for example: not eligible for auto-proxying)
2017-05-11 14:01:06.119  INFO 3312 --- [main] trationDelegate$BeanPostProcessorChecker : Bean 'moduleExtMapper' of type [class org.mybatis.spring.mapper.MapperFactoryBean] is not eligible for getting processed by all BeanPostProcessors (for example: not eligible for auto-proxying)
2017-05-11 14:01:06.120  INFO 3312 --- [main] trationDelegate$BeanPostProcessorChecker : Bean 'moduleExtMapper' of type [class com.sun.proxy.$Proxy53] is not eligible for getting processed by all BeanPostProcessors (for example: not eligible for auto-proxying)
2017-05-11 14:01:06.121  INFO 3312 --- [main] trationDelegate$BeanPostProcessorChecker : Bean 'customSecurityRealm' of type [class com.cpt.config.shiro.CustomSecurityRealm] is not eligible for getting processed by all BeanPostProcessors (for example: not eligible for auto-proxying)
2017-05-11 14:01:06.128  INFO 3312 --- [main] trationDelegate$BeanPostProcessorChecker : Bean 'redisSessionDAO' of type [class org.crazycake.shiro.RedisSessionDAO] is not eligible for getting processed by all BeanPostProcessors (for example: not eligible for auto-proxying)
2017-05-11 14:01:06.140  INFO 3312 --- [main] trationDelegate$BeanPostProcessorChecker : Bean 'sessionManager' of type [class org.apache.shiro.web.session.mgt.DefaultWebSessionManager] is not eligible for getting processed by all BeanPostProcessors (for example: not eligible for auto-proxying)
2017-05-11 14:01:06.154  INFO 3312 --- [main] trationDelegate$BeanPostProcessorChecker : Bean 'securityManager' of type [class org.apache.shiro.web.mgt.DefaultWebSecurityManager] is not eligible for getting processed by all BeanPostProcessors (for example: not eligible for auto-proxying)
2017-05-11 14:01:06.198  INFO 3312 --- [main] trationDelegate$BeanPostProcessorChecker : Bean 'org.springframework.transaction.annotation.ProxyTransactionManagementConfiguration' of type [class org.springframework.transaction.annotation.ProxyTransactionManagementConfiguration$$EnhancerBySpringCGLIB$$88699cf3] is not eligible for getting processed by all BeanPostProcessors (for example: not eligible for auto-proxying)
2017-05-11 14:01:06.220  INFO 3312 --- [main] trationDelegate$BeanPostProcessorChecker : Bean 'authorizationAttributeSourceAdvisor' of type [class org.apache.shiro.spring.security.interceptor.AuthorizationAttributeSourceAdvisor] is not eligible for getting processed by all BeanPostProcessors (for example: not eligible for auto-proxying)
2017-05-11 14:01:06.649  INFO 3312 --- [main] s.b.c.e.t.TomcatEmbeddedServletContainer : Tomcat initialized with port(s): 8090 (http)
2017-05-11 14:01:06.665  INFO 3312 --- [main] o.apache.catalina.core.StandardService   : Starting service Tomcat
2017-05-11 14:01:06.667  INFO 3312 --- [main] org.apache.catalina.core.StandardEngine  : Starting Servlet Engine: Apache Tomcat/8.5.6
2017-05-11 14:01:06.784  INFO 3312 --- [localhost-startStop-1] o.a.c.c.C.[Tomcat].[localhost].[/]       : Initializing Spring embedded WebApplicationContext
2017-05-11 14:01:06.784  INFO 3312 --- [localhost-startStop-1] o.s.web.context.ContextLoader            : Root WebApplicationContext: initialization completed in 5195 ms
2017-05-11 14:01:07.458  INFO 3312 --- [localhost-startStop-1] o.s.b.w.servlet.ServletRegistrationBean  : Mapping servlet: 'statViewServlet' to [/druid/*]
2017-05-11 14:01:07.460  INFO 3312 --- [localhost-startStop-1] o.s.b.w.servlet.ServletRegistrationBean  : Mapping servlet: 'dispatcherServlet' to [/]
2017-05-11 14:01:07.465  INFO 3312 --- [localhost-startStop-1] o.s.b.w.servlet.FilterRegistrationBean   : Mapping filter: 'characterEncodingFilter' to: [/*]
2017-05-11 14:01:07.465  INFO 3312 --- [localhost-startStop-1] o.s.b.w.servlet.FilterRegistrationBean   : Mapping filter: 'springSessionRepositoryFilter' to: [/*]
2017-05-11 14:01:07.466  INFO 3312 --- [localhost-startStop-1] o.s.b.w.servlet.FilterRegistrationBean   : Mapping filter: 'hiddenHttpMethodFilter' to: [/*]
2017-05-11 14:01:07.466  INFO 3312 --- [localhost-startStop-1] o.s.b.w.servlet.FilterRegistrationBean   : Mapping filter: 'httpPutFormContentFilter' to: [/*]
2017-05-11 14:01:07.466  INFO 3312 --- [localhost-startStop-1] o.s.b.w.servlet.FilterRegistrationBean   : Mapping filter: 'requestContextFilter' to: [/*]
2017-05-11 14:01:07.466  INFO 3312 --- [localhost-startStop-1] o.s.b.c.embedded.FilterRegistrationBean  : Mapping filter: 'webStatFilter' to urls: [/*]
2017-05-11 14:01:07.466  INFO 3312 --- [localhost-startStop-1] o.s.b.c.embedded.FilterRegistrationBean  : Mapping filter: 'delegatingFilterProxy' to urls: [/*]
2017-05-11 14:01:07.467  INFO 3312 --- [localhost-startStop-1] o.s.b.w.servlet.FilterRegistrationBean   : Mapping filter: 'shiroFilter' to: [/*]
2017-05-11 14:01:08.238  WARN 3312 --- [main] ationConfigEmbeddedWebApplicationContext : Exception encountered during context initialization - cancelling refresh attempt: org.springframework.beans.factory.BeanCreationException: Error creating bean with name 'loginController': Injection of resource dependencies failed; nested exception is org.springframework.beans.factory.NoSuchBeanDefinitionException: No qualifying bean of type 'com.cpt.service.ProjectService' available: expected at least 1 bean which qualifies as autowire candidate. Dependency annotations: {@javax.annotation.Resource(shareable=true, mappedName=, type=class java.lang.Object, authenticationType=CONTAINER, lookup=, description=, name=)}
2017-05-11 14:01:08.247  INFO 3312 --- [main] o.apache.catalina.core.StandardService   : Stopping service Tomcat
2017-05-11 14:01:08.282  WARN 3312 --- [localhost-startStop-1] o.a.c.loader.WebappClassLoaderBase       : The web application [ROOT] appears to have started a thread named [Abandoned connection cleanup thread] but has failed to stop it. This is very likely to create a memory leak. Stack trace of thread:
 java.lang.Object.wait(Native Method)
 java.lang.ref.ReferenceQueue.remove(ReferenceQueue.java:135)
 com.mysql.jdbc.AbandonedConnectionCleanupThread.run(AbandonedConnectionCleanupThread.java:43)
2017-05-11 14:01:08.358  INFO 3312 --- [main] utoConfigurationReportLoggingInitializer : 

Error starting ApplicationContext. To display the auto-configuration report re-run your application with 'debug' enabled.
2017-05-11 14:01:08.485 ERROR 3312 --- [main] o.s.b.d.LoggingFailureAnalysisReporter   : 

***************************
APPLICATION FAILED TO START
***************************

Description:

A component required a bean of type 'com.cpt.service.ProjectService' that could not be found.


Action:

Consider defining a bean of type 'com.cpt.service.ProjectService' in your configuration.

2017-05-11 14:03:55.330  INFO 964 --- [main] com.cpt.Application                      : Starting Application on RSMYJNB0352 with PID 964 (D:\eclipse\workspace\govadmin\target\classes started by yiwen.sang in D:\eclipse\workspace\govadmin)
2017-05-11 14:03:55.334  INFO 964 --- [main] com.cpt.Application                      : The following profiles are active: dev
2017-05-11 14:03:55.477  INFO 964 --- [main] ationConfigEmbeddedWebApplicationContext : Refreshing org.springframework.boot.context.embedded.AnnotationConfigEmbeddedWebApplicationContext@478a0598: startup date [Thu May 11 14:03:55 CST 2017]; root of context hierarchy
2017-05-11 14:03:57.792  INFO 964 --- [main] o.s.b.f.s.DefaultListableBeanFactory     : Overriding bean definition for bean 'customSecurityRealm' with a different definition: replacing [Generic bean: class [com.cpt.config.shiro.CustomSecurityRealm]; scope=singleton; abstract=false; lazyInit=false; autowireMode=0; dependencyCheck=0; autowireCandidate=true; primary=false; factoryBeanName=null; factoryMethodName=null; initMethodName=null; destroyMethodName=null; defined in file [D:\eclipse\workspace\govadmin\target\classes\com\cpt\config\shiro\CustomSecurityRealm.class]] with [Root bean: class [null]; scope=; abstract=false; lazyInit=false; autowireMode=3; dependencyCheck=0; autowireCandidate=true; primary=false; factoryBeanName=shiroSecurityConfig; factoryMethodName=customSecurityRealm; initMethodName=null; destroyMethodName=(inferred); defined in class path resource [com/cpt/config/shiro/ShiroSecurityConfig.class]]
2017-05-11 14:03:58.138  INFO 964 --- [main] .s.d.r.c.RepositoryConfigurationDelegate : Multiple Spring Data modules found, entering strict repository configuration mode!
2017-05-11 14:03:58.979  INFO 964 --- [main] trationDelegate$BeanPostProcessorChecker : Bean 'shiroSecurityConfig' of type [class com.cpt.config.shiro.ShiroSecurityConfig$$EnhancerBySpringCGLIB$$800b0472] is not eligible for getting processed by all BeanPostProcessors (for example: not eligible for auto-proxying)
2017-05-11 14:03:59.524  INFO 964 --- [main] trationDelegate$BeanPostProcessorChecker : Bean 'redisManager' of type [class org.crazycake.shiro.RedisManager] is not eligible for getting processed by all BeanPostProcessors (for example: not eligible for auto-proxying)
2017-05-11 14:03:59.527  INFO 964 --- [main] trationDelegate$BeanPostProcessorChecker : Bean 'redisCacheManager' of type [class org.crazycake.shiro.RedisCacheManager] is not eligible for getting processed by all BeanPostProcessors (for example: not eligible for auto-proxying)
2017-05-11 14:03:59.586  INFO 964 --- [main] trationDelegate$BeanPostProcessorChecker : Bean 'mybatisConfig' of type [class com.cpt.config.MybatisConfig$$EnhancerBySpringCGLIB$$ec0b78d1] is not eligible for getting processed by all BeanPostProcessors (for example: not eligible for auto-proxying)
2017-05-11 14:03:59.590  INFO 964 --- [main] trationDelegate$BeanPostProcessorChecker : Bean 'org.springframework.boot.autoconfigure.jdbc.DataSourceConfiguration$Generic' of type [class org.springframework.boot.autoconfigure.jdbc.DataSourceConfiguration$Generic] is not eligible for getting processed by all BeanPostProcessors (for example: not eligible for auto-proxying)
2017-05-11 14:03:59.755  INFO 964 --- [main] trationDelegate$BeanPostProcessorChecker : Bean 'spring.datasource-org.springframework.boot.autoconfigure.jdbc.DataSourceProperties' of type [class org.springframework.boot.autoconfigure.jdbc.DataSourceProperties] is not eligible for getting processed by all BeanPostProcessors (for example: not eligible for auto-proxying)
2017-05-11 14:03:59.829  INFO 964 --- [main] trationDelegate$BeanPostProcessorChecker : Bean 'dataSource' of type [class com.alibaba.druid.pool.DruidDataSource] is not eligible for getting processed by all BeanPostProcessors (for example: not eligible for auto-proxying)
2017-05-11 14:03:59.892  INFO 964 --- [main] trationDelegate$BeanPostProcessorChecker : Bean 'sqlSessionFactory' of type [class org.apache.ibatis.session.defaults.DefaultSqlSessionFactory] is not eligible for getting processed by all BeanPostProcessors (for example: not eligible for auto-proxying)
2017-05-11 14:03:59.928  INFO 964 --- [main] trationDelegate$BeanPostProcessorChecker : Bean 'mybatis-org.mybatis.spring.boot.autoconfigure.MybatisProperties' of type [class org.mybatis.spring.boot.autoconfigure.MybatisProperties] is not eligible for getting processed by all BeanPostProcessors (for example: not eligible for auto-proxying)
2017-05-11 14:03:59.940  INFO 964 --- [main] trationDelegate$BeanPostProcessorChecker : Bean 'org.mybatis.spring.boot.autoconfigure.MybatisAutoConfiguration' of type [class org.mybatis.spring.boot.autoconfigure.MybatisAutoConfiguration$$EnhancerBySpringCGLIB$$761fc91f] is not eligible for getting processed by all BeanPostProcessors (for example: not eligible for auto-proxying)
2017-05-11 14:03:59.961  INFO 964 --- [main] trationDelegate$BeanPostProcessorChecker : Bean 'sqlSessionTemplate' of type [class org.mybatis.spring.SqlSessionTemplate] is not eligible for getting processed by all BeanPostProcessors (for example: not eligible for auto-proxying)
2017-05-11 14:04:00.147  INFO 964 --- [main] trationDelegate$BeanPostProcessorChecker : Bean 'userMapper' of type [class org.mybatis.spring.mapper.MapperFactoryBean] is not eligible for getting processed by all BeanPostProcessors (for example: not eligible for auto-proxying)
2017-05-11 14:04:00.150  INFO 964 --- [main] trationDelegate$BeanPostProcessorChecker : Bean 'userMapper' of type [class com.sun.proxy.$Proxy51] is not eligible for getting processed by all BeanPostProcessors (for example: not eligible for auto-proxying)
2017-05-11 14:04:00.173  INFO 964 --- [main] trationDelegate$BeanPostProcessorChecker : Bean 'roleExtMapper' of type [class org.mybatis.spring.mapper.MapperFactoryBean] is not eligible for getting processed by all BeanPostProcessors (for example: not eligible for auto-proxying)
2017-05-11 14:04:00.174  INFO 964 --- [main] trationDelegate$BeanPostProcessorChecker : Bean 'roleExtMapper' of type [class com.sun.proxy.$Proxy52] is not eligible for getting processed by all BeanPostProcessors (for example: not eligible for auto-proxying)
2017-05-11 14:04:00.197  INFO 964 --- [main] trationDelegate$BeanPostProcessorChecker : Bean 'moduleExtMapper' of type [class org.mybatis.spring.mapper.MapperFactoryBean] is not eligible for getting processed by all BeanPostProcessors (for example: not eligible for auto-proxying)
2017-05-11 14:04:00.198  INFO 964 --- [main] trationDelegate$BeanPostProcessorChecker : Bean 'moduleExtMapper' of type [class com.sun.proxy.$Proxy53] is not eligible for getting processed by all BeanPostProcessors (for example: not eligible for auto-proxying)
2017-05-11 14:04:00.199  INFO 964 --- [main] trationDelegate$BeanPostProcessorChecker : Bean 'customSecurityRealm' of type [class com.cpt.config.shiro.CustomSecurityRealm] is not eligible for getting processed by all BeanPostProcessors (for example: not eligible for auto-proxying)
2017-05-11 14:04:00.207  INFO 964 --- [main] trationDelegate$BeanPostProcessorChecker : Bean 'redisSessionDAO' of type [class org.crazycake.shiro.RedisSessionDAO] is not eligible for getting processed by all BeanPostProcessors (for example: not eligible for auto-proxying)
2017-05-11 14:04:00.220  INFO 964 --- [main] trationDelegate$BeanPostProcessorChecker : Bean 'sessionManager' of type [class org.apache.shiro.web.session.mgt.DefaultWebSessionManager] is not eligible for getting processed by all BeanPostProcessors (for example: not eligible for auto-proxying)
2017-05-11 14:04:00.235  INFO 964 --- [main] trationDelegate$BeanPostProcessorChecker : Bean 'securityManager' of type [class org.apache.shiro.web.mgt.DefaultWebSecurityManager] is not eligible for getting processed by all BeanPostProcessors (for example: not eligible for auto-proxying)
2017-05-11 14:04:00.278  INFO 964 --- [main] trationDelegate$BeanPostProcessorChecker : Bean 'org.springframework.transaction.annotation.ProxyTransactionManagementConfiguration' of type [class org.springframework.transaction.annotation.ProxyTransactionManagementConfiguration$$EnhancerBySpringCGLIB$$434b77ef] is not eligible for getting processed by all BeanPostProcessors (for example: not eligible for auto-proxying)
2017-05-11 14:04:00.301  INFO 964 --- [main] trationDelegate$BeanPostProcessorChecker : Bean 'authorizationAttributeSourceAdvisor' of type [class org.apache.shiro.spring.security.interceptor.AuthorizationAttributeSourceAdvisor] is not eligible for getting processed by all BeanPostProcessors (for example: not eligible for auto-proxying)
2017-05-11 14:04:00.721  INFO 964 --- [main] s.b.c.e.t.TomcatEmbeddedServletContainer : Tomcat initialized with port(s): 8090 (http)
2017-05-11 14:04:00.739  INFO 964 --- [main] o.apache.catalina.core.StandardService   : Starting service Tomcat
2017-05-11 14:04:00.740  INFO 964 --- [main] org.apache.catalina.core.StandardEngine  : Starting Servlet Engine: Apache Tomcat/8.5.6
2017-05-11 14:04:00.843  INFO 964 --- [localhost-startStop-1] o.a.c.c.C.[Tomcat].[localhost].[/]       : Initializing Spring embedded WebApplicationContext
2017-05-11 14:04:00.844  INFO 964 --- [localhost-startStop-1] o.s.web.context.ContextLoader            : Root WebApplicationContext: initialization completed in 5371 ms
2017-05-11 14:04:01.535  INFO 964 --- [localhost-startStop-1] o.s.b.w.servlet.ServletRegistrationBean  : Mapping servlet: 'statViewServlet' to [/druid/*]
2017-05-11 14:04:01.537  INFO 964 --- [localhost-startStop-1] o.s.b.w.servlet.ServletRegistrationBean  : Mapping servlet: 'dispatcherServlet' to [/]
2017-05-11 14:04:01.541  INFO 964 --- [localhost-startStop-1] o.s.b.w.servlet.FilterRegistrationBean   : Mapping filter: 'characterEncodingFilter' to: [/*]
2017-05-11 14:04:01.542  INFO 964 --- [localhost-startStop-1] o.s.b.w.servlet.FilterRegistrationBean   : Mapping filter: 'springSessionRepositoryFilter' to: [/*]
2017-05-11 14:04:01.542  INFO 964 --- [localhost-startStop-1] o.s.b.w.servlet.FilterRegistrationBean   : Mapping filter: 'hiddenHttpMethodFilter' to: [/*]
2017-05-11 14:04:01.542  INFO 964 --- [localhost-startStop-1] o.s.b.w.servlet.FilterRegistrationBean   : Mapping filter: 'httpPutFormContentFilter' to: [/*]
2017-05-11 14:04:01.542  INFO 964 --- [localhost-startStop-1] o.s.b.w.servlet.FilterRegistrationBean   : Mapping filter: 'requestContextFilter' to: [/*]
2017-05-11 14:04:01.543  INFO 964 --- [localhost-startStop-1] o.s.b.c.embedded.FilterRegistrationBean  : Mapping filter: 'webStatFilter' to urls: [/*]
2017-05-11 14:04:01.543  INFO 964 --- [localhost-startStop-1] o.s.b.c.embedded.FilterRegistrationBean  : Mapping filter: 'delegatingFilterProxy' to urls: [/*]
2017-05-11 14:04:01.543  INFO 964 --- [localhost-startStop-1] o.s.b.w.servlet.FilterRegistrationBean   : Mapping filter: 'shiroFilter' to: [/*]
2017-05-11 14:04:03.774  INFO 964 --- [main] s.w.s.m.m.a.RequestMappingHandlerAdapter : Looking for @ControllerAdvice: org.springframework.boot.context.embedded.AnnotationConfigEmbeddedWebApplicationContext@478a0598: startup date [Thu May 11 14:03:55 CST 2017]; root of context hierarchy
2017-05-11 14:04:03.928  INFO 964 --- [main] s.w.s.m.m.a.RequestMappingHandlerMapping : Mapped "{[/event/handle],methods=[POST]}" onto public com.cpt.common.Result<java.lang.Integer> com.cpt.controller.EventController.handle(com.cpt.req.EventReq)
2017-05-11 14:04:03.929  INFO 964 --- [main] s.w.s.m.m.a.RequestMappingHandlerMapping : Mapped "{[/event/create],methods=[GET]}" onto public org.springframework.web.servlet.ModelAndView com.cpt.controller.EventController.create(org.springframework.web.servlet.ModelAndView)
2017-05-11 14:04:03.930  INFO 964 --- [main] s.w.s.m.m.a.RequestMappingHandlerMapping : Mapped "{[/event/list],methods=[GET]}" onto public org.springframework.web.servlet.ModelAndView com.cpt.controller.EventController.list(org.springframework.web.servlet.ModelAndView)
2017-05-11 14:04:03.930  INFO 964 --- [main] s.w.s.m.m.a.RequestMappingHandlerMapping : Mapped "{[/event/detail],methods=[GET]}" onto public org.springframework.web.servlet.ModelAndView com.cpt.controller.EventController.detail(org.springframework.web.servlet.ModelAndView,java.lang.Integer)
2017-05-11 14:04:03.930  INFO 964 --- [main] s.w.s.m.m.a.RequestMappingHandlerMapping : Mapped "{[/event/pageList],methods=[GET]}" onto public com.cpt.common.PageResult<com.cpt.vo.EventVo> com.cpt.controller.EventController.pageList(com.cpt.common.PageParam,com.cpt.req.EventReq)
2017-05-11 14:04:03.931  INFO 964 --- [main] s.w.s.m.m.a.RequestMappingHandlerMapping : Mapped "{[/event/addOrEdit],methods=[POST]}" onto public com.cpt.common.Result<java.lang.Integer> com.cpt.controller.EventController.addOrEdit(com.cpt.req.EventReq)
2017-05-11 14:04:03.931  INFO 964 --- [main] s.w.s.m.m.a.RequestMappingHandlerMapping : Mapped "{[/event/sendHandler],methods=[POST]}" onto public com.cpt.common.Result<java.lang.Integer> com.cpt.controller.EventController.sendHandler(com.cpt.req.EventReq)
2017-05-11 14:04:03.931  INFO 964 --- [main] s.w.s.m.m.a.RequestMappingHandlerMapping : Mapped "{[/event/higherUp],methods=[POST]}" onto public com.cpt.common.Result<java.lang.Integer> com.cpt.controller.EventController.higherUp(com.cpt.req.EventReq)
2017-05-11 14:04:03.933  INFO 964 --- [main] s.w.s.m.m.a.RequestMappingHandlerMapping : Mapped "{[/ || ]}" onto public java.lang.String com.cpt.controller.LoginController.index(org.springframework.ui.ModelMap)
2017-05-11 14:04:03.933  INFO 964 --- [main] s.w.s.m.m.a.RequestMappingHandlerMapping : Mapped "{[/unlogin]}" onto public java.lang.String com.cpt.controller.LoginController.unlogin()
2017-05-11 14:04:03.933  INFO 964 --- [main] s.w.s.m.m.a.RequestMappingHandlerMapping : Mapped "{[/login]}" onto public java.lang.String com.cpt.controller.LoginController.login(org.springframework.ui.ModelMap)
2017-05-11 14:04:03.934  INFO 964 --- [main] s.w.s.m.m.a.RequestMappingHandlerMapping : Mapped "{[/toLogin],methods=[POST]}" onto public java.lang.String com.cpt.controller.LoginController.toLogin(com.cpt.model.User)
2017-05-11 14:04:03.934  INFO 964 --- [main] s.w.s.m.m.a.RequestMappingHandlerMapping : Mapped "{[/logout],methods=[GET]}" onto public java.lang.String com.cpt.controller.LoginController.logout()
2017-05-11 14:04:03.938  INFO 964 --- [main] s.w.s.m.m.a.RequestMappingHandlerMapping : Mapped "{[/message/get],methods=[POST]}" onto public com.cpt.common.Result<com.cpt.model.Message> com.cpt.controller.MessageController.get(java.lang.Long)
2017-05-11 14:04:03.939  INFO 964 --- [main] s.w.s.m.m.a.RequestMappingHandlerMapping : Mapped "{[/message/delete],methods=[POST]}" onto public com.cpt.common.Result<java.lang.Integer> com.cpt.controller.MessageController.delete(java.lang.Long)
2017-05-11 14:04:03.939  INFO 964 --- [main] s.w.s.m.m.a.RequestMappingHandlerMapping : Mapped "{[/message/list]}" onto public org.springframework.web.servlet.ModelAndView com.cpt.controller.MessageController.pageList(org.springframework.web.servlet.ModelAndView,com.cpt.common.PageParam)
2017-05-11 14:04:03.939  INFO 964 --- [main] s.w.s.m.m.a.RequestMappingHandlerMapping : Mapped "{[/message/addOrEdit],methods=[POST]}" onto public com.cpt.common.Result<java.lang.Integer> com.cpt.controller.MessageController.addOrEdit(com.cpt.model.Message)
2017-05-11 14:04:03.945  INFO 964 --- [main] s.w.s.m.m.a.RequestMappingHandlerMapping : Mapped "{[/user/list]}" onto public org.springframework.web.servlet.ModelAndView com.cpt.controller.UserController.list(org.springframework.web.servlet.ModelAndView)
2017-05-11 14:04:03.945  INFO 964 --- [main] s.w.s.m.m.a.RequestMappingHandlerMapping : Mapped "{[/user/query]}" onto public com.cpt.common.PageResult<com.cpt.model.User> com.cpt.controller.UserController.query(com.cpt.common.PageParam,com.cpt.req.UserQuery)
2017-05-11 14:04:03.946  INFO 964 --- [main] s.w.s.m.m.a.RequestMappingHandlerMapping : Mapped "{[/user/detail]}" onto public org.springframework.web.servlet.ModelAndView com.cpt.controller.UserController.detail(org.springframework.web.servlet.ModelAndView,java.lang.Long)
2017-05-11 14:04:03.947  INFO 964 --- [main] s.w.s.m.m.a.RequestMappingHandlerMapping : Mapped "{[/user/opt],methods=[POST]}" onto public com.cpt.common.Result<java.lang.Integer> com.cpt.controller.UserController.opt(com.cpt.vo.UserVo)
2017-05-11 14:04:03.947  INFO 964 --- [main] s.w.s.m.m.a.RequestMappingHandlerMapping : Mapped "{[/user/pageList],methods=[GET]}" onto public com.cpt.common.PageResult<com.cpt.model.User> com.cpt.controller.UserController.pageList(com.cpt.common.PageParam,com.cpt.req.UserQuery)
2017-05-11 14:04:03.947  INFO 964 --- [main] s.w.s.m.m.a.RequestMappingHandlerMapping : Mapped "{[/user/addOrEdit],methods=[POST]}" onto public com.cpt.common.Result<java.lang.Integer> com.cpt.controller.UserController.addOrEdit(com.cpt.model.User)
2017-05-11 14:04:03.947  INFO 964 --- [main] s.w.s.m.m.a.RequestMappingHandlerMapping : Mapped "{[/user/rolePageList],methods=[GET]}" onto public com.cpt.common.PageResult<com.cpt.model.User> com.cpt.controller.UserController.rolePageList(com.cpt.common.PageParam,com.cpt.req.UserQuery)
2017-05-11 14:04:03.948  INFO 964 --- [main] s.w.s.m.m.a.RequestMappingHandlerMapping : Mapped "{[/user/zNode],methods=[POST]}" onto public java.lang.String com.cpt.controller.UserController.zNode(com.cpt.model.User)
2017-05-11 14:04:03.948  INFO 964 --- [main] s.w.s.m.m.a.RequestMappingHandlerMapping : Mapped "{[/user/exist]}" onto public com.cpt.common.Result<java.lang.Integer> com.cpt.controller.UserController.exist(java.lang.String)
2017-05-11 14:04:03.948  INFO 964 --- [main] s.w.s.m.m.a.RequestMappingHandlerMapping : Mapped "{[/user/queryPriceOffer]}" onto public java.util.List<com.cpt.vo.UserVo> com.cpt.controller.UserController.queryPriceOffer()
2017-05-11 14:04:03.952  INFO 964 --- [main] s.w.s.m.m.a.RequestMappingHandlerMapping : Mapped "{[/error]}" onto public org.springframework.http.ResponseEntity<java.util.Map<java.lang.String, java.lang.Object>> org.springframework.boot.autoconfigure.web.BasicErrorController.error(javax.servlet.http.HttpServletRequest)
2017-05-11 14:04:03.952  INFO 964 --- [main] s.w.s.m.m.a.RequestMappingHandlerMapping : Mapped "{[/error],produces=[text/html]}" onto public org.springframework.web.servlet.ModelAndView org.springframework.boot.autoconfigure.web.BasicErrorController.errorHtml(javax.servlet.http.HttpServletRequest,javax.servlet.http.HttpServletResponse)
2017-05-11 14:04:04.034  INFO 964 --- [main] o.s.w.s.handler.SimpleUrlHandlerMapping  : Mapped URL path [/webjars/**] onto handler of type [class org.springframework.web.servlet.resource.ResourceHttpRequestHandler]
2017-05-11 14:04:04.034  INFO 964 --- [main] o.s.w.s.handler.SimpleUrlHandlerMapping  : Mapped URL path [/**] onto handler of type [class org.springframework.web.servlet.resource.ResourceHttpRequestHandler]
2017-05-11 14:04:04.073  INFO 964 --- [main] .m.m.a.ExceptionHandlerExceptionResolver : Detected @ExceptionHandler methods in exceptionHandlerController
2017-05-11 14:04:04.131  INFO 964 --- [main] o.s.w.s.handler.SimpleUrlHandlerMapping  : Mapped URL path [/**/favicon.ico] onto handler of type [class org.springframework.web.servlet.resource.ResourceHttpRequestHandler]
2017-05-11 14:04:04.267  INFO 964 --- [main] s.b.w.s.v.v.EmbeddedVelocityViewResolver : Using EmbeddedVelocityToolboxView instead of default VelocityView due to specified toolboxConfigLocation
2017-05-11 14:04:05.129  INFO 964 --- [main] o.s.w.s.v.velocity.VelocityConfigurer    : ClasspathResourceLoader with name 'springMacro' added to configured VelocityEngine
2017-05-11 14:04:05.418  WARN 964 --- [main] arterDeprecationWarningAutoConfiguration : spring-boot-starter-redis is deprecated as of Spring Boot 1.4, please migrate to spring-boot-starter-data-redis
2017-05-11 14:04:05.822  INFO 964 --- [main] o.s.j.e.a.AnnotationMBeanExporter        : Registering beans for JMX exposure on startup
2017-05-11 14:04:05.824  INFO 964 --- [main] o.s.j.e.a.AnnotationMBeanExporter        : Bean with name 'dataSource' has been autodetected for JMX exposure
2017-05-11 14:04:05.830  INFO 964 --- [main] o.s.j.e.a.AnnotationMBeanExporter        : Located MBean 'dataSource': registering with JMX server as MBean [com.alibaba.druid.pool:name=dataSource,type=DruidDataSource]
2017-05-11 14:04:05.835  INFO 964 --- [main] o.s.c.support.DefaultLifecycleProcessor  : Starting beans in phase 2147483647
2017-05-11 14:04:05.867  INFO 964 --- [main] s.a.ScheduledAnnotationBeanPostProcessor : No TaskScheduler/ScheduledExecutorService bean found for scheduled processing
2017-05-11 14:04:06.020  INFO 964 --- [main] s.b.c.e.t.TomcatEmbeddedServletContainer : Tomcat started on port(s): 8090 (http)
2017-05-11 14:04:06.029  INFO 964 --- [main] com.cpt.Application                      : Started Application in 11.462 seconds (JVM running for 11.793)
2017-05-11 14:05:13.888  INFO 964 --- [http-nio-8090-exec-1] o.a.c.c.C.[Tomcat].[localhost].[/]       : Initializing Spring FrameworkServlet 'dispatcherServlet'
2017-05-11 14:05:13.889  INFO 964 --- [http-nio-8090-exec-1] o.s.web.servlet.DispatcherServlet        : FrameworkServlet 'dispatcherServlet': initialization started
2017-05-11 14:05:13.906  INFO 964 --- [http-nio-8090-exec-1] o.s.web.servlet.DispatcherServlet        : FrameworkServlet 'dispatcherServlet': initialization completed in 17 ms
2017-05-11 14:05:13.931  INFO 964 --- [http-nio-8090-exec-1] a.s.s.m.AbstractValidatingSessionManager : Enabling session validation scheduler...
2017-05-11 14:05:14.143  INFO 964 --- [http-nio-8090-exec-2] o.a.v.t.v.servlet.ServletToolboxManager  : Using config file '/toolbox.xml'
2017-05-11 14:05:14.144  WARN 964 --- [http-nio-8090-exec-2] o.a.v.tools.view.XMLToolboxManager       : XMLToolboxManager has been deprecated. Please use org.apache.velocity.tools.ToolboxFactory instead.
2017-05-11 14:05:14.144  WARN 964 --- [http-nio-8090-exec-2] o.a.v.t.v.servlet.ServletToolboxManager  : ServletToolboxManager has been deprecated. Please use org.apache.velocity.tools.ToolboxFactory instead.
2017-05-11 14:06:51.273  INFO 7216 --- [main] com.cpt.Application                      : Starting Application on RSMYJNB0352 with PID 7216 (D:\eclipse\workspace\govadmin\target\classes started by yiwen.sang in D:\eclipse\workspace\govadmin)
2017-05-11 14:06:51.295  INFO 7216 --- [main] com.cpt.Application                      : The following profiles are active: dev
2017-05-11 14:06:51.407  INFO 7216 --- [main] ationConfigEmbeddedWebApplicationContext : Refreshing org.springframework.boot.context.embedded.AnnotationConfigEmbeddedWebApplicationContext@73b58550: startup date [Thu May 11 14:06:51 CST 2017]; root of context hierarchy
2017-05-11 14:06:53.738  INFO 7216 --- [main] o.s.b.f.s.DefaultListableBeanFactory     : Overriding bean definition for bean 'customSecurityRealm' with a different definition: replacing [Generic bean: class [com.cpt.config.shiro.CustomSecurityRealm]; scope=singleton; abstract=false; lazyInit=false; autowireMode=0; dependencyCheck=0; autowireCandidate=true; primary=false; factoryBeanName=null; factoryMethodName=null; initMethodName=null; destroyMethodName=null; defined in file [D:\eclipse\workspace\govadmin\target\classes\com\cpt\config\shiro\CustomSecurityRealm.class]] with [Root bean: class [null]; scope=; abstract=false; lazyInit=false; autowireMode=3; dependencyCheck=0; autowireCandidate=true; primary=false; factoryBeanName=shiroSecurityConfig; factoryMethodName=customSecurityRealm; initMethodName=null; destroyMethodName=(inferred); defined in class path resource [com/cpt/config/shiro/ShiroSecurityConfig.class]]
2017-05-11 14:06:54.144  INFO 7216 --- [main] .s.d.r.c.RepositoryConfigurationDelegate : Multiple Spring Data modules found, entering strict repository configuration mode!
2017-05-11 14:06:54.994  INFO 7216 --- [main] trationDelegate$BeanPostProcessorChecker : Bean 'shiroSecurityConfig' of type [class com.cpt.config.shiro.ShiroSecurityConfig$$EnhancerBySpringCGLIB$$9d7eccb5] is not eligible for getting processed by all BeanPostProcessors (for example: not eligible for auto-proxying)
2017-05-11 14:06:55.735  INFO 7216 --- [main] trationDelegate$BeanPostProcessorChecker : Bean 'redisManager' of type [class org.crazycake.shiro.RedisManager] is not eligible for getting processed by all BeanPostProcessors (for example: not eligible for auto-proxying)
2017-05-11 14:06:55.741  INFO 7216 --- [main] trationDelegate$BeanPostProcessorChecker : Bean 'redisCacheManager' of type [class org.crazycake.shiro.RedisCacheManager] is not eligible for getting processed by all BeanPostProcessors (for example: not eligible for auto-proxying)
2017-05-11 14:06:55.835  INFO 7216 --- [main] trationDelegate$BeanPostProcessorChecker : Bean 'mybatisConfig' of type [class com.cpt.config.MybatisConfig$$EnhancerBySpringCGLIB$$97f4114] is not eligible for getting processed by all BeanPostProcessors (for example: not eligible for auto-proxying)
2017-05-11 14:06:55.840  INFO 7216 --- [main] trationDelegate$BeanPostProcessorChecker : Bean 'org.springframework.boot.autoconfigure.jdbc.DataSourceConfiguration$Generic' of type [class org.springframework.boot.autoconfigure.jdbc.DataSourceConfiguration$Generic] is not eligible for getting processed by all BeanPostProcessors (for example: not eligible for auto-proxying)
2017-05-11 14:06:56.048  INFO 7216 --- [main] trationDelegate$BeanPostProcessorChecker : Bean 'spring.datasource-org.springframework.boot.autoconfigure.jdbc.DataSourceProperties' of type [class org.springframework.boot.autoconfigure.jdbc.DataSourceProperties] is not eligible for getting processed by all BeanPostProcessors (for example: not eligible for auto-proxying)
2017-05-11 14:06:56.127  INFO 7216 --- [main] trationDelegate$BeanPostProcessorChecker : Bean 'dataSource' of type [class com.alibaba.druid.pool.DruidDataSource] is not eligible for getting processed by all BeanPostProcessors (for example: not eligible for auto-proxying)
2017-05-11 14:06:56.211  INFO 7216 --- [main] trationDelegate$BeanPostProcessorChecker : Bean 'sqlSessionFactory' of type [class org.apache.ibatis.session.defaults.DefaultSqlSessionFactory] is not eligible for getting processed by all BeanPostProcessors (for example: not eligible for auto-proxying)
2017-05-11 14:06:56.266  INFO 7216 --- [main] trationDelegate$BeanPostProcessorChecker : Bean 'mybatis-org.mybatis.spring.boot.autoconfigure.MybatisProperties' of type [class org.mybatis.spring.boot.autoconfigure.MybatisProperties] is not eligible for getting processed by all BeanPostProcessors (for example: not eligible for auto-proxying)
2017-05-11 14:06:56.279  INFO 7216 --- [main] trationDelegate$BeanPostProcessorChecker : Bean 'org.mybatis.spring.boot.autoconfigure.MybatisAutoConfiguration' of type [class org.mybatis.spring.boot.autoconfigure.MybatisAutoConfiguration$$EnhancerBySpringCGLIB$$93939162] is not eligible for getting processed by all BeanPostProcessors (for example: not eligible for auto-proxying)
2017-05-11 14:06:56.308  INFO 7216 --- [main] trationDelegate$BeanPostProcessorChecker : Bean 'sqlSessionTemplate' of type [class org.mybatis.spring.SqlSessionTemplate] is not eligible for getting processed by all BeanPostProcessors (for example: not eligible for auto-proxying)
2017-05-11 14:06:56.503  INFO 7216 --- [main] trationDelegate$BeanPostProcessorChecker : Bean 'userMapper' of type [class org.mybatis.spring.mapper.MapperFactoryBean] is not eligible for getting processed by all BeanPostProcessors (for example: not eligible for auto-proxying)
2017-05-11 14:06:56.506  INFO 7216 --- [main] trationDelegate$BeanPostProcessorChecker : Bean 'userMapper' of type [class com.sun.proxy.$Proxy51] is not eligible for getting processed by all BeanPostProcessors (for example: not eligible for auto-proxying)
2017-05-11 14:06:56.528  INFO 7216 --- [main] trationDelegate$BeanPostProcessorChecker : Bean 'roleExtMapper' of type [class org.mybatis.spring.mapper.MapperFactoryBean] is not eligible for getting processed by all BeanPostProcessors (for example: not eligible for auto-proxying)
2017-05-11 14:06:56.537  INFO 7216 --- [main] trationDelegate$BeanPostProcessorChecker : Bean 'roleExtMapper' of type [class com.sun.proxy.$Proxy52] is not eligible for getting processed by all BeanPostProcessors (for example: not eligible for auto-proxying)
2017-05-11 14:06:56.560  INFO 7216 --- [main] trationDelegate$BeanPostProcessorChecker : Bean 'moduleExtMapper' of type [class org.mybatis.spring.mapper.MapperFactoryBean] is not eligible for getting processed by all BeanPostProcessors (for example: not eligible for auto-proxying)
2017-05-11 14:06:56.586  INFO 7216 --- [main] trationDelegate$BeanPostProcessorChecker : Bean 'moduleExtMapper' of type [class com.sun.proxy.$Proxy53] is not eligible for getting processed by all BeanPostProcessors (for example: not eligible for auto-proxying)
2017-05-11 14:06:56.587  INFO 7216 --- [main] trationDelegate$BeanPostProcessorChecker : Bean 'customSecurityRealm' of type [class com.cpt.config.shiro.CustomSecurityRealm] is not eligible for getting processed by all BeanPostProcessors (for example: not eligible for auto-proxying)
2017-05-11 14:06:56.596  INFO 7216 --- [main] trationDelegate$BeanPostProcessorChecker : Bean 'redisSessionDAO' of type [class org.crazycake.shiro.RedisSessionDAO] is not eligible for getting processed by all BeanPostProcessors (for example: not eligible for auto-proxying)
2017-05-11 14:06:56.614  INFO 7216 --- [main] trationDelegate$BeanPostProcessorChecker : Bean 'sessionManager' of type [class org.apache.shiro.web.session.mgt.DefaultWebSessionManager] is not eligible for getting processed by all BeanPostProcessors (for example: not eligible for auto-proxying)
2017-05-11 14:06:56.643  INFO 7216 --- [main] trationDelegate$BeanPostProcessorChecker : Bean 'securityManager' of type [class org.apache.shiro.web.mgt.DefaultWebSecurityManager] is not eligible for getting processed by all BeanPostProcessors (for example: not eligible for auto-proxying)
2017-05-11 14:06:56.686  INFO 7216 --- [main] trationDelegate$BeanPostProcessorChecker : Bean 'org.springframework.transaction.annotation.ProxyTransactionManagementConfiguration' of type [class org.springframework.transaction.annotation.ProxyTransactionManagementConfiguration$$EnhancerBySpringCGLIB$$60bf4032] is not eligible for getting processed by all BeanPostProcessors (for example: not eligible for auto-proxying)
2017-05-11 14:06:56.708  INFO 7216 --- [main] trationDelegate$BeanPostProcessorChecker : Bean 'authorizationAttributeSourceAdvisor' of type [class org.apache.shiro.spring.security.interceptor.AuthorizationAttributeSourceAdvisor] is not eligible for getting processed by all BeanPostProcessors (for example: not eligible for auto-proxying)
2017-05-11 14:06:57.207  INFO 7216 --- [main] s.b.c.e.t.TomcatEmbeddedServletContainer : Tomcat initialized with port(s): 8090 (http)
2017-05-11 14:06:57.222  INFO 7216 --- [main] o.apache.catalina.core.StandardService   : Starting service Tomcat
2017-05-11 14:06:57.223  INFO 7216 --- [main] org.apache.catalina.core.StandardEngine  : Starting Servlet Engine: Apache Tomcat/8.5.6
2017-05-11 14:06:57.322  INFO 7216 --- [localhost-startStop-1] o.a.c.c.C.[Tomcat].[localhost].[/]       : Initializing Spring embedded WebApplicationContext
2017-05-11 14:06:57.322  INFO 7216 --- [localhost-startStop-1] o.s.web.context.ContextLoader            : Root WebApplicationContext: initialization completed in 5918 ms
2017-05-11 14:06:58.135  INFO 7216 --- [localhost-startStop-1] o.s.b.w.servlet.ServletRegistrationBean  : Mapping servlet: 'statViewServlet' to [/druid/*]
2017-05-11 14:06:58.136  INFO 7216 --- [localhost-startStop-1] o.s.b.w.servlet.ServletRegistrationBean  : Mapping servlet: 'dispatcherServlet' to [/]
2017-05-11 14:06:58.140  INFO 7216 --- [localhost-startStop-1] o.s.b.w.servlet.FilterRegistrationBean   : Mapping filter: 'characterEncodingFilter' to: [/*]
2017-05-11 14:06:58.141  INFO 7216 --- [localhost-startStop-1] o.s.b.w.servlet.FilterRegistrationBean   : Mapping filter: 'springSessionRepositoryFilter' to: [/*]
2017-05-11 14:06:58.141  INFO 7216 --- [localhost-startStop-1] o.s.b.w.servlet.FilterRegistrationBean   : Mapping filter: 'hiddenHttpMethodFilter' to: [/*]
2017-05-11 14:06:58.141  INFO 7216 --- [localhost-startStop-1] o.s.b.w.servlet.FilterRegistrationBean   : Mapping filter: 'httpPutFormContentFilter' to: [/*]
2017-05-11 14:06:58.141  INFO 7216 --- [localhost-startStop-1] o.s.b.w.servlet.FilterRegistrationBean   : Mapping filter: 'requestContextFilter' to: [/*]
2017-05-11 14:06:58.141  INFO 7216 --- [localhost-startStop-1] o.s.b.c.embedded.FilterRegistrationBean  : Mapping filter: 'webStatFilter' to urls: [/*]
2017-05-11 14:06:58.142  INFO 7216 --- [localhost-startStop-1] o.s.b.c.embedded.FilterRegistrationBean  : Mapping filter: 'delegatingFilterProxy' to urls: [/*]
2017-05-11 14:06:58.142  INFO 7216 --- [localhost-startStop-1] o.s.b.w.servlet.FilterRegistrationBean   : Mapping filter: 'shiroFilter' to: [/*]
2017-05-11 14:07:00.568  INFO 7216 --- [main] s.w.s.m.m.a.RequestMappingHandlerAdapter : Looking for @ControllerAdvice: org.springframework.boot.context.embedded.AnnotationConfigEmbeddedWebApplicationContext@73b58550: startup date [Thu May 11 14:06:51 CST 2017]; root of context hierarchy
2017-05-11 14:07:00.707  INFO 7216 --- [main] s.w.s.m.m.a.RequestMappingHandlerMapping : Mapped "{[/event/handle],methods=[POST]}" onto public com.cpt.common.Result<java.lang.Integer> com.cpt.controller.EventController.handle(com.cpt.req.EventReq)
2017-05-11 14:07:00.708  INFO 7216 --- [main] s.w.s.m.m.a.RequestMappingHandlerMapping : Mapped "{[/event/create],methods=[GET]}" onto public org.springframework.web.servlet.ModelAndView com.cpt.controller.EventController.create(org.springframework.web.servlet.ModelAndView)
2017-05-11 14:07:00.708  INFO 7216 --- [main] s.w.s.m.m.a.RequestMappingHandlerMapping : Mapped "{[/event/list],methods=[GET]}" onto public org.springframework.web.servlet.ModelAndView com.cpt.controller.EventController.list(org.springframework.web.servlet.ModelAndView)
2017-05-11 14:07:00.708  INFO 7216 --- [main] s.w.s.m.m.a.RequestMappingHandlerMapping : Mapped "{[/event/pageList],methods=[GET]}" onto public com.cpt.common.PageResult<com.cpt.vo.EventVo> com.cpt.controller.EventController.pageList(com.cpt.common.PageParam,com.cpt.req.EventReq)
2017-05-11 14:07:00.708  INFO 7216 --- [main] s.w.s.m.m.a.RequestMappingHandlerMapping : Mapped "{[/event/addOrEdit],methods=[POST]}" onto public com.cpt.common.Result<java.lang.Integer> com.cpt.controller.EventController.addOrEdit(com.cpt.req.EventReq)
2017-05-11 14:07:00.709  INFO 7216 --- [main] s.w.s.m.m.a.RequestMappingHandlerMapping : Mapped "{[/event/sendHandler],methods=[POST]}" onto public com.cpt.common.Result<java.lang.Integer> com.cpt.controller.EventController.sendHandler(com.cpt.req.EventReq)
2017-05-11 14:07:00.709  INFO 7216 --- [main] s.w.s.m.m.a.RequestMappingHandlerMapping : Mapped "{[/event/higherUp],methods=[POST]}" onto public com.cpt.common.Result<java.lang.Integer> com.cpt.controller.EventController.higherUp(com.cpt.req.EventReq)
2017-05-11 14:07:00.709  INFO 7216 --- [main] s.w.s.m.m.a.RequestMappingHandlerMapping : Mapped "{[/event/detail],methods=[GET]}" onto public org.springframework.web.servlet.ModelAndView com.cpt.controller.EventController.detail(org.springframework.web.servlet.ModelAndView,java.lang.Integer)
2017-05-11 14:07:00.710  INFO 7216 --- [main] s.w.s.m.m.a.RequestMappingHandlerMapping : Mapped "{[/ || ]}" onto public java.lang.String com.cpt.controller.LoginController.main(org.springframework.ui.ModelMap)
2017-05-11 14:07:00.711  INFO 7216 --- [main] s.w.s.m.m.a.RequestMappingHandlerMapping : Mapped "{[/index]}" onto public java.lang.String com.cpt.controller.LoginController.index(org.springframework.ui.ModelMap)
2017-05-11 14:07:00.711  INFO 7216 --- [main] s.w.s.m.m.a.RequestMappingHandlerMapping : Mapped "{[/login]}" onto public java.lang.String com.cpt.controller.LoginController.login(org.springframework.ui.ModelMap)
2017-05-11 14:07:00.711  INFO 7216 --- [main] s.w.s.m.m.a.RequestMappingHandlerMapping : Mapped "{[/unlogin]}" onto public java.lang.String com.cpt.controller.LoginController.unlogin()
2017-05-11 14:07:00.711  INFO 7216 --- [main] s.w.s.m.m.a.RequestMappingHandlerMapping : Mapped "{[/toLogin],methods=[POST]}" onto public java.lang.String com.cpt.controller.LoginController.toLogin(com.cpt.model.User)
2017-05-11 14:07:00.711  INFO 7216 --- [main] s.w.s.m.m.a.RequestMappingHandlerMapping : Mapped "{[/logout],methods=[GET]}" onto public java.lang.String com.cpt.controller.LoginController.logout()
2017-05-11 14:07:00.714  INFO 7216 --- [main] s.w.s.m.m.a.RequestMappingHandlerMapping : Mapped "{[/message/get],methods=[POST]}" onto public com.cpt.common.Result<com.cpt.model.Message> com.cpt.controller.MessageController.get(java.lang.Long)
2017-05-11 14:07:00.715  INFO 7216 --- [main] s.w.s.m.m.a.RequestMappingHandlerMapping : Mapped "{[/message/delete],methods=[POST]}" onto public com.cpt.common.Result<java.lang.Integer> com.cpt.controller.MessageController.delete(java.lang.Long)
2017-05-11 14:07:00.715  INFO 7216 --- [main] s.w.s.m.m.a.RequestMappingHandlerMapping : Mapped "{[/message/list]}" onto public org.springframework.web.servlet.ModelAndView com.cpt.controller.MessageController.pageList(org.springframework.web.servlet.ModelAndView,com.cpt.common.PageParam)
2017-05-11 14:07:00.715  INFO 7216 --- [main] s.w.s.m.m.a.RequestMappingHandlerMapping : Mapped "{[/message/addOrEdit],methods=[POST]}" onto public com.cpt.common.Result<java.lang.Integer> com.cpt.controller.MessageController.addOrEdit(com.cpt.model.Message)
2017-05-11 14:07:00.719  INFO 7216 --- [main] s.w.s.m.m.a.RequestMappingHandlerMapping : Mapped "{[/user/list]}" onto public org.springframework.web.servlet.ModelAndView com.cpt.controller.UserController.list(org.springframework.web.servlet.ModelAndView)
2017-05-11 14:07:00.719  INFO 7216 --- [main] s.w.s.m.m.a.RequestMappingHandlerMapping : Mapped "{[/user/query]}" onto public com.cpt.common.PageResult<com.cpt.model.User> com.cpt.controller.UserController.query(com.cpt.common.PageParam,com.cpt.req.UserQuery)
2017-05-11 14:07:00.720  INFO 7216 --- [main] s.w.s.m.m.a.RequestMappingHandlerMapping : Mapped "{[/user/opt],methods=[POST]}" onto public com.cpt.common.Result<java.lang.Integer> com.cpt.controller.UserController.opt(com.cpt.vo.UserVo)
2017-05-11 14:07:00.720  INFO 7216 --- [main] s.w.s.m.m.a.RequestMappingHandlerMapping : Mapped "{[/user/pageList],methods=[GET]}" onto public com.cpt.common.PageResult<com.cpt.model.User> com.cpt.controller.UserController.pageList(com.cpt.common.PageParam,com.cpt.req.UserQuery)
2017-05-11 14:07:00.720  INFO 7216 --- [main] s.w.s.m.m.a.RequestMappingHandlerMapping : Mapped "{[/user/addOrEdit],methods=[POST]}" onto public com.cpt.common.Result<java.lang.Integer> com.cpt.controller.UserController.addOrEdit(com.cpt.model.User)
2017-05-11 14:07:00.721  INFO 7216 --- [main] s.w.s.m.m.a.RequestMappingHandlerMapping : Mapped "{[/user/rolePageList],methods=[GET]}" onto public com.cpt.common.PageResult<com.cpt.model.User> com.cpt.controller.UserController.rolePageList(com.cpt.common.PageParam,com.cpt.req.UserQuery)
2017-05-11 14:07:00.721  INFO 7216 --- [main] s.w.s.m.m.a.RequestMappingHandlerMapping : Mapped "{[/user/zNode],methods=[POST]}" onto public java.lang.String com.cpt.controller.UserController.zNode(com.cpt.model.User)
2017-05-11 14:07:00.721  INFO 7216 --- [main] s.w.s.m.m.a.RequestMappingHandlerMapping : Mapped "{[/user/exist]}" onto public com.cpt.common.Result<java.lang.Integer> com.cpt.controller.UserController.exist(java.lang.String)
2017-05-11 14:07:00.721  INFO 7216 --- [main] s.w.s.m.m.a.RequestMappingHandlerMapping : Mapped "{[/user/queryPriceOffer]}" onto public java.util.List<com.cpt.vo.UserVo> com.cpt.controller.UserController.queryPriceOffer()
2017-05-11 14:07:00.722  INFO 7216 --- [main] s.w.s.m.m.a.RequestMappingHandlerMapping : Mapped "{[/user/detail]}" onto public org.springframework.web.servlet.ModelAndView com.cpt.controller.UserController.detail(org.springframework.web.servlet.ModelAndView,java.lang.Long)
2017-05-11 14:07:00.725  INFO 7216 --- [main] s.w.s.m.m.a.RequestMappingHandlerMapping : Mapped "{[/error]}" onto public org.springframework.http.ResponseEntity<java.util.Map<java.lang.String, java.lang.Object>> org.springframework.boot.autoconfigure.web.BasicErrorController.error(javax.servlet.http.HttpServletRequest)
2017-05-11 14:07:00.726  INFO 7216 --- [main] s.w.s.m.m.a.RequestMappingHandlerMapping : Mapped "{[/error],produces=[text/html]}" onto public org.springframework.web.servlet.ModelAndView org.springframework.boot.autoconfigure.web.BasicErrorController.errorHtml(javax.servlet.http.HttpServletRequest,javax.servlet.http.HttpServletResponse)
2017-05-11 14:07:01.048  INFO 7216 --- [main] o.s.w.s.handler.SimpleUrlHandlerMapping  : Mapped URL path [/webjars/**] onto handler of type [class org.springframework.web.servlet.resource.ResourceHttpRequestHandler]
2017-05-11 14:07:01.048  INFO 7216 --- [main] o.s.w.s.handler.SimpleUrlHandlerMapping  : Mapped URL path [/**] onto handler of type [class org.springframework.web.servlet.resource.ResourceHttpRequestHandler]
2017-05-11 14:07:01.192  INFO 7216 --- [main] .m.m.a.ExceptionHandlerExceptionResolver : Detected @ExceptionHandler methods in exceptionHandlerController
2017-05-11 14:07:01.289  INFO 7216 --- [main] o.s.w.s.handler.SimpleUrlHandlerMapping  : Mapped URL path [/**/favicon.ico] onto handler of type [class org.springframework.web.servlet.resource.ResourceHttpRequestHandler]
2017-05-11 14:07:01.495  INFO 7216 --- [main] s.b.w.s.v.v.EmbeddedVelocityViewResolver : Using EmbeddedVelocityToolboxView instead of default VelocityView due to specified toolboxConfigLocation
2017-05-11 14:07:02.259  INFO 7216 --- [main] o.s.w.s.v.velocity.VelocityConfigurer    : ClasspathResourceLoader with name 'springMacro' added to configured VelocityEngine
2017-05-11 14:07:02.477  WARN 7216 --- [main] arterDeprecationWarningAutoConfiguration : spring-boot-starter-redis is deprecated as of Spring Boot 1.4, please migrate to spring-boot-starter-data-redis
2017-05-11 14:07:02.751  INFO 7216 --- [main] o.s.j.e.a.AnnotationMBeanExporter        : Registering beans for JMX exposure on startup
2017-05-11 14:07:02.753  INFO 7216 --- [main] o.s.j.e.a.AnnotationMBeanExporter        : Bean with name 'dataSource' has been autodetected for JMX exposure
2017-05-11 14:07:02.757  INFO 7216 --- [main] o.s.j.e.a.AnnotationMBeanExporter        : Located MBean 'dataSource': registering with JMX server as MBean [com.alibaba.druid.pool:name=dataSource,type=DruidDataSource]
2017-05-11 14:07:02.761  INFO 7216 --- [main] o.s.c.support.DefaultLifecycleProcessor  : Starting beans in phase 2147483647
2017-05-11 14:07:02.778  INFO 7216 --- [main] s.a.ScheduledAnnotationBeanPostProcessor : No TaskScheduler/ScheduledExecutorService bean found for scheduled processing
2017-05-11 14:07:02.838  INFO 7216 --- [main] s.b.c.e.t.TomcatEmbeddedServletContainer : Tomcat started on port(s): 8090 (http)
2017-05-11 14:07:02.845  INFO 7216 --- [main] com.cpt.Application                      : Started Application in 12.334 seconds (JVM running for 12.941)
2017-05-11 14:08:57.206  INFO 7216 --- [http-nio-8090-exec-1] o.a.c.c.C.[Tomcat].[localhost].[/]       : Initializing Spring FrameworkServlet 'dispatcherServlet'
2017-05-11 14:08:57.206  INFO 7216 --- [http-nio-8090-exec-1] o.s.web.servlet.DispatcherServlet        : FrameworkServlet 'dispatcherServlet': initialization started
2017-05-11 14:08:57.230  INFO 7216 --- [http-nio-8090-exec-1] o.s.web.servlet.DispatcherServlet        : FrameworkServlet 'dispatcherServlet': initialization completed in 24 ms
2017-05-11 14:08:57.265  INFO 7216 --- [http-nio-8090-exec-1] a.s.s.m.AbstractValidatingSessionManager : Enabling session validation scheduler...
2017-05-11 14:08:57.488  INFO 7216 --- [http-nio-8090-exec-1] o.a.v.t.v.servlet.ServletToolboxManager  : Using config file '/toolbox.xml'
2017-05-11 14:08:57.488  WARN 7216 --- [http-nio-8090-exec-1] o.a.v.tools.view.XMLToolboxManager       : XMLToolboxManager has been deprecated. Please use org.apache.velocity.tools.ToolboxFactory instead.
2017-05-11 14:08:57.489  WARN 7216 --- [http-nio-8090-exec-1] o.a.v.t.v.servlet.ServletToolboxManager  : ServletToolboxManager has been deprecated. Please use org.apache.velocity.tools.ToolboxFactory instead.
2017-05-11 15:08:57.357  INFO 7216 --- [Thread-5] a.s.s.m.AbstractValidatingSessionManager : Validating all active sessions...
